<?xml version="1.0" encoding="UTF-8"?>
<!-- Generated by org.testng.reporters.JUnitReportReporter -->
<testsuite hostname="DESKTOP-VRBAL0D" failures="0" tests="1" name="com.synechron.testcases.LoginPageTest" time="7.524" errors="0" timestamp="2023-05-06T11:11:06 IST" skipped="0">
  <testcase classname="com.synechron.testcases.LoginPageTest" name="validateLogin" time="7.524"/>
  <system-out/>
</testsuite> <!-- com.synechron.testcases.LoginPageTest -->
