<?xml version="1.0" encoding="UTF-8"?>
<!-- Generated by org.testng.reporters.JUnitReportReporter -->
<testsuite hostname="DESKTOP-VRBAL0D" failures="0" tests="1" name="com.synechron.testcases.DashboardPageTest" time="8.128" errors="0" timestamp="2023-04-14T16:35:48 IST" skipped="0">
  <testcase classname="com.synechron.testcases.DashboardPageTest" name="validateTimeAtWorkSection" time="8.128"/>
  <system-out/>
</testsuite> <!-- com.synechron.testcases.DashboardPageTest -->
