<?xml version="1.0" encoding="UTF-8"?>
<!-- Generated by org.testng.reporters.JUnitReportReporter -->
<testsuite hostname="DESKTOP-VRBAL0D" failures="0" tests="1" name="com.synechron.testcases.DashboardPageTest" time="9.936" errors="0" timestamp="2023-05-06T16:01:03 IST" skipped="0">
  <testcase classname="com.synechron.testcases.DashboardPageTest" name="validateTimeAtWorkSection" time="9.936"/>
  <system-out/>
</testsuite> <!-- com.synechron.testcases.DashboardPageTest -->
