<?xml version="1.0" encoding="UTF-8"?>
<!-- Generated by org.testng.reporters.JUnitReportReporter -->
<testsuite hostname="DESKTOP-VRBAL0D" failures="0" tests="2" name="com.synechron.testcases.LoginPageTest" time="11.488" errors="0" timestamp="2023-05-06T16:01:04 IST" skipped="0">
  <testcase classname="com.synechron.testcases.LoginPageTest" name="validateTitle" time="4.793"/>
  <system-out/>
  <testcase classname="com.synechron.testcases.LoginPageTest" name="validateLogin" time="6.695"/>
  <system-out/>
</testsuite> <!-- com.synechron.testcases.LoginPageTest -->
